{
  "C:\\Users\\Tais\\OneDrive - Universidade Federal de Minas Gerais\\Documentos\\CC\\20221\\testes\\TP1_ES\\frontend\\src\\shared\\context\\AuthContext.js": {
    "path": "C:\\Users\\Tais\\OneDrive - Universidade Federal de Minas Gerais\\Documentos\\CC\\20221\\testes\\TP1_ES\\frontend\\src\\shared\\context\\AuthContext.js",
    "statementMap": {
      "0": {
        "start": {
          "line": 4,
          "column": 27
        },
        "end": {
          "line": 9,
          "column": 2
        }
      }
    },
    "fnMap": {
      "0": {
        "name": "(anonymous_0)",
        "decl": {
          "start": {
            "line": 7,
            "column": 9
          },
          "end": {
            "line": 7,
            "column": 10
          }
        },
        "loc": {
          "start": {
            "line": 7,
            "column": 15
          },
          "end": {
            "line": 7,
            "column": 17
          }
        },
        "line": 7
      },
      "1": {
        "name": "(anonymous_1)",
        "decl": {
          "start": {
            "line": 8,
            "column": 10
          },
          "end": {
            "line": 8,
            "column": 11
          }
        },
        "loc": {
          "start": {
            "line": 8,
            "column": 16
          },
          "end": {
            "line": 8,
            "column": 18
          }
        },
        "line": 8
      }
    },
    "branchMap": {},
    "s": {
      "0": 9
    },
    "f": {
      "0": 0,
      "1": 0
    },
    "b": {},
    "_coverageSchema": "1a1c01bbd47fc00a2c39e90264f33305004495a9",
    "hash": "ed8d85a7a9b82e2e17eeb9bbe1b5f99ccbd5f719"
  },
  "C:\\Users\\Tais\\OneDrive - Universidade Federal de Minas Gerais\\Documentos\\CC\\20221\\testes\\TP1_ES\\frontend\\src\\components\\TextError.js": {
    "path": "C:\\Users\\Tais\\OneDrive - Universidade Federal de Minas Gerais\\Documentos\\CC\\20221\\testes\\TP1_ES\\frontend\\src\\components\\TextError.js",
    "statementMap": {
      "0": {
        "start": {
          "line": 5,
          "column": 16
        },
        "end": {
          "line": 15,
          "column": 1
        }
      },
      "1": {
        "start": {
          "line": 17,
          "column": 18
        },
        "end": {
          "line": 24,
          "column": 1
        }
      },
      "2": {
        "start": {
          "line": 18,
          "column": 2
        },
        "end": {
          "line": 23,
          "column": 4
        }
      }
    },
    "fnMap": {
      "0": {
        "name": "(anonymous_0)",
        "decl": {
          "start": {
            "line": 17,
            "column": 18
          },
          "end": {
            "line": 17,
            "column": 19
          }
        },
        "loc": {
          "start": {
            "line": 17,
            "column": 36
          },
          "end": {
            "line": 24,
            "column": 1
          }
        },
        "line": 17
      }
    },
    "branchMap": {},
    "s": {
      "0": 9,
      "1": 9,
      "2": 2
    },
    "f": {
      "0": 2
    },
    "b": {},
    "_coverageSchema": "1a1c01bbd47fc00a2c39e90264f33305004495a9",
    "hash": "760d90eeb77f4959866deb4401ecfdad47b72d07"
  },
  "C:\\Users\\Tais\\OneDrive - Universidade Federal de Minas Gerais\\Documentos\\CC\\20221\\testes\\TP1_ES\\frontend\\src\\components\\Input.js": {
    "path": "C:\\Users\\Tais\\OneDrive - Universidade Federal de Minas Gerais\\Documentos\\CC\\20221\\testes\\TP1_ES\\frontend\\src\\components\\Input.js",
    "statementMap": {
      "0": {
        "start": {
          "line": 7,
          "column": 20
        },
        "end": {
          "line": 36,
          "column": 1
        }
      },
      "1": {
        "start": {
          "line": 33,
          "column": 19
        },
        "end": {
          "line": 33,
          "column": 57
        }
      },
      "2": {
        "start": {
          "line": 34,
          "column": 19
        },
        "end": {
          "line": 34,
          "column": 57
        }
      },
      "3": {
        "start": {
          "line": 38,
          "column": 14
        },
        "end": {
          "line": 60,
          "column": 1
        }
      },
      "4": {
        "start": {
          "line": 39,
          "column": 27
        },
        "end": {
          "line": 39,
          "column": 45
        }
      },
      "5": {
        "start": {
          "line": 41,
          "column": 2
        },
        "end": {
          "line": 59,
          "column": 4
        }
      },
      "6": {
        "start": {
          "line": 50,
          "column": 12
        },
        "end": {
          "line": 50,
          "column": 28
        }
      }
    },
    "fnMap": {
      "0": {
        "name": "(anonymous_0)",
        "decl": {
          "start": {
            "line": 33,
            "column": 6
          },
          "end": {
            "line": 33,
            "column": 7
          }
        },
        "loc": {
          "start": {
            "line": 33,
            "column": 19
          },
          "end": {
            "line": 33,
            "column": 57
          }
        },
        "line": 33
      },
      "1": {
        "name": "(anonymous_1)",
        "decl": {
          "start": {
            "line": 34,
            "column": 6
          },
          "end": {
            "line": 34,
            "column": 7
          }
        },
        "loc": {
          "start": {
            "line": 34,
            "column": 19
          },
          "end": {
            "line": 34,
            "column": 57
          }
        },
        "line": 34
      },
      "2": {
        "name": "(anonymous_2)",
        "decl": {
          "start": {
            "line": 38,
            "column": 14
          },
          "end": {
            "line": 38,
            "column": 15
          }
        },
        "loc": {
          "start": {
            "line": 38,
            "column": 59
          },
          "end": {
            "line": 60,
            "column": 1
          }
        },
        "line": 38
      },
      "3": {
        "name": "(anonymous_3)",
        "decl": {
          "start": {
            "line": 49,
            "column": 20
          },
          "end": {
            "line": 49,
            "column": 21
          }
        },
        "loc": {
          "start": {
            "line": 49,
            "column": 27
          },
          "end": {
            "line": 51,
            "column": 11
          }
        },
        "line": 49
      }
    },
    "branchMap": {
      "0": {
        "loc": {
          "start": {
            "line": 33,
            "column": 19
          },
          "end": {
            "line": 33,
            "column": 57
          }
        },
        "type": "binary-expr",
        "locations": [
          {
            "start": {
              "line": 33,
              "column": 19
            },
            "end": {
              "line": 33,
              "column": 37
            }
          },
          {
            "start": {
              "line": 33,
              "column": 41
            },
            "end": {
              "line": 33,
              "column": 57
            }
          }
        ],
        "line": 33
      },
      "1": {
        "loc": {
          "start": {
            "line": 34,
            "column": 19
          },
          "end": {
            "line": 34,
            "column": 57
          }
        },
        "type": "binary-expr",
        "locations": [
          {
            "start": {
              "line": 34,
              "column": 19
            },
            "end": {
              "line": 34,
              "column": 37
            }
          },
          {
            "start": {
              "line": 34,
              "column": 41
            },
            "end": {
              "line": 34,
              "column": 57
            }
          }
        ],
        "line": 34
      }
    },
    "s": {
      "0": 9,
      "1": 3732,
      "2": 3732,
      "3": 9,
      "4": 3732,
      "5": 3732,
      "6": 376
    },
    "f": {
      "0": 3732,
      "1": 3732,
      "2": 3732,
      "3": 376
    },
    "b": {
      "0": [
        3732,
        62
      ],
      "1": [
        3732,
        62
      ]
    },
    "_coverageSchema": "1a1c01bbd47fc00a2c39e90264f33305004495a9",
    "hash": "d59bae2a3ef6e53086e533fa0fded8cdbaa47360"
  },
  "C:\\Users\\Tais\\OneDrive - Universidade Federal de Minas Gerais\\Documentos\\CC\\20221\\testes\\TP1_ES\\frontend\\src\\components\\Button.js": {
    "path": "C:\\Users\\Tais\\OneDrive - Universidade Federal de Minas Gerais\\Documentos\\CC\\20221\\testes\\TP1_ES\\frontend\\src\\components\\Button.js",
    "statementMap": {
      "0": {
        "start": {
          "line": 4,
          "column": 21
        },
        "end": {
          "line": 13,
          "column": 1
        }
      },
      "1": {
        "start": {
          "line": 12,
          "column": 38
        },
        "end": {
          "line": 12,
          "column": 44
        }
      },
      "2": {
        "start": {
          "line": 15,
          "column": 15
        },
        "end": {
          "line": 35,
          "column": 1
        }
      },
      "3": {
        "start": {
          "line": 17,
          "column": 2
        },
        "end": {
          "line": 29,
          "column": 3
        }
      },
      "4": {
        "start": {
          "line": 19,
          "column": 6
        },
        "end": {
          "line": 19,
          "column": 32
        }
      },
      "5": {
        "start": {
          "line": 20,
          "column": 6
        },
        "end": {
          "line": 20,
          "column": 12
        }
      },
      "6": {
        "start": {
          "line": 22,
          "column": 6
        },
        "end": {
          "line": 22,
          "column": 30
        }
      },
      "7": {
        "start": {
          "line": 23,
          "column": 6
        },
        "end": {
          "line": 23,
          "column": 12
        }
      },
      "8": {
        "start": {
          "line": 25,
          "column": 6
        },
        "end": {
          "line": 25,
          "column": 35
        }
      },
      "9": {
        "start": {
          "line": 26,
          "column": 6
        },
        "end": {
          "line": 26,
          "column": 12
        }
      },
      "10": {
        "start": {
          "line": 28,
          "column": 6
        },
        "end": {
          "line": 28,
          "column": 20
        }
      },
      "11": {
        "start": {
          "line": 30,
          "column": 2
        },
        "end": {
          "line": 34,
          "column": 4
        }
      }
    },
    "fnMap": {
      "0": {
        "name": "(anonymous_0)",
        "decl": {
          "start": {
            "line": 12,
            "column": 22
          },
          "end": {
            "line": 12,
            "column": 23
          }
        },
        "loc": {
          "start": {
            "line": 12,
            "column": 38
          },
          "end": {
            "line": 12,
            "column": 44
          }
        },
        "line": 12
      },
      "1": {
        "name": "(anonymous_1)",
        "decl": {
          "start": {
            "line": 15,
            "column": 15
          },
          "end": {
            "line": 15,
            "column": 16
          }
        },
        "loc": {
          "start": {
            "line": 15,
            "column": 50
          },
          "end": {
            "line": 35,
            "column": 1
          }
        },
        "line": 15
      }
    },
    "branchMap": {
      "0": {
        "loc": {
          "start": {
            "line": 17,
            "column": 2
          },
          "end": {
            "line": 29,
            "column": 3
          }
        },
        "type": "switch",
        "locations": [
          {
            "start": {
              "line": 18,
              "column": 4
            },
            "end": {
              "line": 20,
              "column": 12
            }
          },
          {
            "start": {
              "line": 21,
              "column": 4
            },
            "end": {
              "line": 23,
              "column": 12
            }
          },
          {
            "start": {
              "line": 24,
              "column": 4
            },
            "end": {
              "line": 26,
              "column": 12
            }
          },
          {
            "start": {
              "line": 27,
              "column": 4
            },
            "end": {
              "line": 28,
              "column": 20
            }
          }
        ],
        "line": 17
      }
    },
    "s": {
      "0": 9,
      "1": 29,
      "2": 9,
      "3": 29,
      "4": 21,
      "5": 21,
      "6": 6,
      "7": 6,
      "8": 2,
      "9": 2,
      "10": 0,
      "11": 29
    },
    "f": {
      "0": 29,
      "1": 29
    },
    "b": {
      "0": [
        21,
        6,
        2,
        0
      ]
    },
    "_coverageSchema": "1a1c01bbd47fc00a2c39e90264f33305004495a9",
    "hash": "bd2f05b288d80db69ba9af412fa22a357ae3c91e"
  },
  "C:\\Users\\Tais\\OneDrive - Universidade Federal de Minas Gerais\\Documentos\\CC\\20221\\testes\\TP1_ES\\frontend\\src\\components\\Layout.styles.js": {
    "path": "C:\\Users\\Tais\\OneDrive - Universidade Federal de Minas Gerais\\Documentos\\CC\\20221\\testes\\TP1_ES\\frontend\\src\\components\\Layout.styles.js",
    "statementMap": {
      "0": {
        "start": {
          "line": 3,
          "column": 22
        },
        "end": {
          "line": 10,
          "column": 1
        }
      },
      "1": {
        "start": {
          "line": 12,
          "column": 27
        },
        "end": {
          "line": 20,
          "column": 1
        }
      }
    },
    "fnMap": {},
    "branchMap": {},
    "s": {
      "0": 9,
      "1": 9
    },
    "f": {},
    "b": {},
    "_coverageSchema": "1a1c01bbd47fc00a2c39e90264f33305004495a9",
    "hash": "a0d31ab99afda1cc17159ef5faad82c20b5e12a2"
  },
  "C:\\Users\\Tais\\OneDrive - Universidade Federal de Minas Gerais\\Documentos\\CC\\20221\\testes\\TP1_ES\\frontend\\src\\shared\\utils\\encodeUrl.js": {
    "path": "C:\\Users\\Tais\\OneDrive - Universidade Federal de Minas Gerais\\Documentos\\CC\\20221\\testes\\TP1_ES\\frontend\\src\\shared\\utils\\encodeUrl.js",
    "statementMap": {
      "0": {
        "start": {
          "line": 1,
          "column": 22
        },
        "end": {
          "line": 16,
          "column": 1
        }
      },
      "1": {
        "start": {
          "line": 2,
          "column": 2
        },
        "end": {
          "line": 15,
          "column": 15
        }
      },
      "2": {
        "start": {
          "line": 4,
          "column": 6
        },
        "end": {
          "line": 7,
          "column": 7
        }
      },
      "3": {
        "start": {
          "line": 5,
          "column": 24
        },
        "end": {
          "line": 5,
          "column": 79
        }
      },
      "4": {
        "start": {
          "line": 6,
          "column": 8
        },
        "end": {
          "line": 6,
          "column": 26
        }
      },
      "5": {
        "start": {
          "line": 8,
          "column": 6
        },
        "end": {
          "line": 11,
          "column": 7
        }
      },
      "6": {
        "start": {
          "line": 9,
          "column": 24
        },
        "end": {
          "line": 9,
          "column": 79
        }
      },
      "7": {
        "start": {
          "line": 10,
          "column": 8
        },
        "end": {
          "line": 10,
          "column": 26
        }
      },
      "8": {
        "start": {
          "line": 13,
          "column": 6
        },
        "end": {
          "line": 13,
          "column": 17
        }
      }
    },
    "fnMap": {
      "0": {
        "name": "(anonymous_0)",
        "decl": {
          "start": {
            "line": 1,
            "column": 22
          },
          "end": {
            "line": 1,
            "column": 23
          }
        },
        "loc": {
          "start": {
            "line": 1,
            "column": 32
          },
          "end": {
            "line": 16,
            "column": 1
          }
        },
        "line": 1
      },
      "1": {
        "name": "(anonymous_1)",
        "decl": {
          "start": {
            "line": 3,
            "column": 12
          },
          "end": {
            "line": 3,
            "column": 13
          }
        },
        "loc": {
          "start": {
            "line": 3,
            "column": 33
          },
          "end": {
            "line": 14,
            "column": 5
          }
        },
        "line": 3
      }
    },
    "branchMap": {
      "0": {
        "loc": {
          "start": {
            "line": 4,
            "column": 6
          },
          "end": {
            "line": 7,
            "column": 7
          }
        },
        "type": "if",
        "locations": [
          {
            "start": {
              "line": 4,
              "column": 6
            },
            "end": {
              "line": 7,
              "column": 7
            }
          },
          {
            "start": {
              "line": 4,
              "column": 6
            },
            "end": {
              "line": 7,
              "column": 7
            }
          }
        ],
        "line": 4
      },
      "1": {
        "loc": {
          "start": {
            "line": 4,
            "column": 10
          },
          "end": {
            "line": 4,
            "column": 47
          }
        },
        "type": "binary-expr",
        "locations": [
          {
            "start": {
              "line": 4,
              "column": 10
            },
            "end": {
              "line": 4,
              "column": 33
            }
          },
          {
            "start": {
              "line": 4,
              "column": 37
            },
            "end": {
              "line": 4,
              "column": 47
            }
          }
        ],
        "line": 4
      },
      "2": {
        "loc": {
          "start": {
            "line": 8,
            "column": 6
          },
          "end": {
            "line": 11,
            "column": 7
          }
        },
        "type": "if",
        "locations": [
          {
            "start": {
              "line": 8,
              "column": 6
            },
            "end": {
              "line": 11,
              "column": 7
            }
          },
          {
            "start": {
              "line": 8,
              "column": 6
            },
            "end": {
              "line": 11,
              "column": 7
            }
          }
        ],
        "line": 8
      }
    },
    "s": {
      "0": 9,
      "1": 13,
      "2": 60,
      "3": 41,
      "4": 41,
      "5": 60,
      "6": 8,
      "7": 8,
      "8": 60
    },
    "f": {
      "0": 13,
      "1": 60
    },
    "b": {
      "0": [
        41,
        19
      ],
      "1": [
        60,
        52
      ],
      "2": [
        8,
        52
      ]
    },
    "_coverageSchema": "1a1c01bbd47fc00a2c39e90264f33305004495a9",
    "hash": "3bfbef9a35eeaebb484b7a6f088fbd872deb7360"
  },
  "C:\\Users\\Tais\\OneDrive - Universidade Federal de Minas Gerais\\Documentos\\CC\\20221\\testes\\TP1_ES\\frontend\\src\\pages\\Auth.js": {
    "path": "C:\\Users\\Tais\\OneDrive - Universidade Federal de Minas Gerais\\Documentos\\CC\\20221\\testes\\TP1_ES\\frontend\\src\\pages\\Auth.js",
    "statementMap": {
      "0": {
        "start": {
          "line": 12,
          "column": 15
        },
        "end": {
          "line": 20,
          "column": 1
        }
      },
      "1": {
        "start": {
          "line": 22,
          "column": 13
        },
        "end": {
          "line": 113,
          "column": 1
        }
      },
      "2": {
        "start": {
          "line": 23,
          "column": 15
        },
        "end": {
          "line": 23,
          "column": 38
        }
      },
      "3": {
        "start": {
          "line": 24,
          "column": 30
        },
        "end": {
          "line": 24,
          "column": 45
        }
      },
      "4": {
        "start": {
          "line": 26,
          "column": 23
        },
        "end": {
          "line": 28,
          "column": 3
        }
      },
      "5": {
        "start": {
          "line": 27,
          "column": 4
        },
        "end": {
          "line": 27,
          "column": 31
        }
      },
      "6": {
        "start": {
          "line": 27,
          "column": 24
        },
        "end": {
          "line": 27,
          "column": 29
        }
      },
      "7": {
        "start": {
          "line": 30,
          "column": 2
        },
        "end": {
          "line": 112,
          "column": 4
        }
      },
      "8": {
        "start": {
          "line": 60,
          "column": 26
        },
        "end": {
          "line": 60,
          "column": 63
        }
      },
      "9": {
        "start": {
          "line": 61,
          "column": 10
        },
        "end": {
          "line": 89,
          "column": 15
        }
      },
      "10": {
        "start": {
          "line": 66,
          "column": 27
        },
        "end": {
          "line": 66,
          "column": 37
        }
      },
      "11": {
        "start": {
          "line": 68,
          "column": 14
        },
        "end": {
          "line": 85,
          "column": 15
        }
      },
      "12": {
        "start": {
          "line": 69,
          "column": 16
        },
        "end": {
          "line": 73,
          "column": 17
        }
      },
      "13": {
        "start": {
          "line": 70,
          "column": 18
        },
        "end": {
          "line": 70,
          "column": 35
        }
      },
      "14": {
        "start": {
          "line": 72,
          "column": 18
        },
        "end": {
          "line": 72,
          "column": 40
        }
      },
      "15": {
        "start": {
          "line": 75,
          "column": 16
        },
        "end": {
          "line": 84,
          "column": 17
        }
      },
      "16": {
        "start": {
          "line": 76,
          "column": 18
        },
        "end": {
          "line": 77,
          "column": 78
        }
      },
      "17": {
        "start": {
          "line": 77,
          "column": 20
        },
        "end": {
          "line": 77,
          "column": 78
        }
      },
      "18": {
        "start": {
          "line": 78,
          "column": 18
        },
        "end": {
          "line": 79,
          "column": 80
        }
      },
      "19": {
        "start": {
          "line": 79,
          "column": 20
        },
        "end": {
          "line": 79,
          "column": 80
        }
      },
      "20": {
        "start": {
          "line": 80,
          "column": 18
        },
        "end": {
          "line": 81,
          "column": 80
        }
      },
      "21": {
        "start": {
          "line": 81,
          "column": 20
        },
        "end": {
          "line": 81,
          "column": 80
        }
      },
      "22": {
        "start": {
          "line": 83,
          "column": 18
        },
        "end": {
          "line": 83,
          "column": 80
        }
      },
      "23": {
        "start": {
          "line": 88,
          "column": 14
        },
        "end": {
          "line": 88,
          "column": 31
        }
      }
    },
    "fnMap": {
      "0": {
        "name": "(anonymous_0)",
        "decl": {
          "start": {
            "line": 22,
            "column": 13
          },
          "end": {
            "line": 22,
            "column": 14
          }
        },
        "loc": {
          "start": {
            "line": 22,
            "column": 19
          },
          "end": {
            "line": 113,
            "column": 1
          }
        },
        "line": 22
      },
      "1": {
        "name": "(anonymous_1)",
        "decl": {
          "start": {
            "line": 26,
            "column": 23
          },
          "end": {
            "line": 26,
            "column": 24
          }
        },
        "loc": {
          "start": {
            "line": 26,
            "column": 29
          },
          "end": {
            "line": 28,
            "column": 3
          }
        },
        "line": 26
      },
      "2": {
        "name": "(anonymous_2)",
        "decl": {
          "start": {
            "line": 27,
            "column": 14
          },
          "end": {
            "line": 27,
            "column": 15
          }
        },
        "loc": {
          "start": {
            "line": 27,
            "column": 24
          },
          "end": {
            "line": 27,
            "column": 29
          }
        },
        "line": 27
      },
      "3": {
        "name": "(anonymous_3)",
        "decl": {
          "start": {
            "line": 59,
            "column": 18
          },
          "end": {
            "line": 59,
            "column": 19
          }
        },
        "loc": {
          "start": {
            "line": 59,
            "column": 39
          },
          "end": {
            "line": 90,
            "column": 9
          }
        },
        "line": 59
      },
      "4": {
        "name": "(anonymous_4)",
        "decl": {
          "start": {
            "line": 66,
            "column": 18
          },
          "end": {
            "line": 66,
            "column": 19
          }
        },
        "loc": {
          "start": {
            "line": 66,
            "column": 27
          },
          "end": {
            "line": 66,
            "column": 37
          }
        },
        "line": 66
      },
      "5": {
        "name": "(anonymous_5)",
        "decl": {
          "start": {
            "line": 67,
            "column": 18
          },
          "end": {
            "line": 67,
            "column": 19
          }
        },
        "loc": {
          "start": {
            "line": 67,
            "column": 27
          },
          "end": {
            "line": 86,
            "column": 13
          }
        },
        "line": 67
      },
      "6": {
        "name": "(anonymous_6)",
        "decl": {
          "start": {
            "line": 87,
            "column": 19
          },
          "end": {
            "line": 87,
            "column": 20
          }
        },
        "loc": {
          "start": {
            "line": 87,
            "column": 28
          },
          "end": {
            "line": 89,
            "column": 13
          }
        },
        "line": 87
      }
    },
    "branchMap": {
      "0": {
        "loc": {
          "start": {
            "line": 47,
            "column": 17
          },
          "end": {
            "line": 51,
            "column": 26
          }
        },
        "type": "cond-expr",
        "locations": [
          {
            "start": {
              "line": 48,
              "column": 14
            },
            "end": {
              "line": 50,
              "column": 66
            }
          },
          {
            "start": {
              "line": 51,
              "column": 14
            },
            "end": {
              "line": 51,
              "column": 26
            }
          }
        ],
        "line": 47
      },
      "1": {
        "loc": {
          "start": {
            "line": 53,
            "column": 16
          },
          "end": {
            "line": 57,
            "column": 26
          }
        },
        "type": "cond-expr",
        "locations": [
          {
            "start": {
              "line": 54,
              "column": 14
            },
            "end": {
              "line": 56,
              "column": 40
            }
          },
          {
            "start": {
              "line": 57,
              "column": 14
            },
            "end": {
              "line": 57,
              "column": 26
            }
          }
        ],
        "line": 53
      },
      "2": {
        "loc": {
          "start": {
            "line": 60,
            "column": 26
          },
          "end": {
            "line": 60,
            "column": 63
          }
        },
        "type": "cond-expr",
        "locations": [
          {
            "start": {
              "line": 60,
              "column": 35
            },
            "end": {
              "line": 60,
              "column": 53
            }
          },
          {
            "start": {
              "line": 60,
              "column": 56
            },
            "end": {
              "line": 60,
              "column": 63
            }
          }
        ],
        "line": 60
      },
      "3": {
        "loc": {
          "start": {
            "line": 68,
            "column": 14
          },
          "end": {
            "line": 85,
            "column": 15
          }
        },
        "type": "if",
        "locations": [
          {
            "start": {
              "line": 68,
              "column": 14
            },
            "end": {
              "line": 85,
              "column": 15
            }
          },
          {
            "start": {
              "line": 68,
              "column": 14
            },
            "end": {
              "line": 85,
              "column": 15
            }
          }
        ],
        "line": 68
      },
      "4": {
        "loc": {
          "start": {
            "line": 69,
            "column": 16
          },
          "end": {
            "line": 73,
            "column": 17
          }
        },
        "type": "if",
        "locations": [
          {
            "start": {
              "line": 69,
              "column": 16
            },
            "end": {
              "line": 73,
              "column": 17
            }
          },
          {
            "start": {
              "line": 69,
              "column": 16
            },
            "end": {
              "line": 73,
              "column": 17
            }
          }
        ],
        "line": 69
      },
      "5": {
        "loc": {
          "start": {
            "line": 75,
            "column": 16
          },
          "end": {
            "line": 84,
            "column": 17
          }
        },
        "type": "if",
        "locations": [
          {
            "start": {
              "line": 75,
              "column": 16
            },
            "end": {
              "line": 84,
              "column": 17
            }
          },
          {
            "start": {
              "line": 75,
              "column": 16
            },
            "end": {
              "line": 84,
              "column": 17
            }
          }
        ],
        "line": 75
      },
      "6": {
        "loc": {
          "start": {
            "line": 76,
            "column": 18
          },
          "end": {
            "line": 77,
            "column": 78
          }
        },
        "type": "if",
        "locations": [
          {
            "start": {
              "line": 76,
              "column": 18
            },
            "end": {
              "line": 77,
              "column": 78
            }
          },
          {
            "start": {
              "line": 76,
              "column": 18
            },
            "end": {
              "line": 77,
              "column": 78
            }
          }
        ],
        "line": 76
      },
      "7": {
        "loc": {
          "start": {
            "line": 78,
            "column": 18
          },
          "end": {
            "line": 79,
            "column": 80
          }
        },
        "type": "if",
        "locations": [
          {
            "start": {
              "line": 78,
              "column": 18
            },
            "end": {
              "line": 79,
              "column": 80
            }
          },
          {
            "start": {
              "line": 78,
              "column": 18
            },
            "end": {
              "line": 79,
              "column": 80
            }
          }
        ],
        "line": 78
      },
      "8": {
        "loc": {
          "start": {
            "line": 80,
            "column": 18
          },
          "end": {
            "line": 81,
            "column": 80
          }
        },
        "type": "if",
        "locations": [
          {
            "start": {
              "line": 80,
              "column": 18
            },
            "end": {
              "line": 81,
              "column": 80
            }
          },
          {
            "start": {
              "line": 80,
              "column": 18
            },
            "end": {
              "line": 81,
              "column": 80
            }
          }
        ],
        "line": 80
      },
      "9": {
        "loc": {
          "start": {
            "line": 96,
            "column": 13
          },
          "end": {
            "line": 101,
            "column": 13
          }
        },
        "type": "binary-expr",
        "locations": [
          {
            "start": {
              "line": 96,
              "column": 13
            },
            "end": {
              "line": 96,
              "column": 19
            }
          },
          {
            "start": {
              "line": 97,
              "column": 14
            },
            "end": {
              "line": 100,
              "column": 17
            }
          }
        ],
        "line": 96
      },
      "10": {
        "loc": {
          "start": {
            "line": 103,
            "column": 15
          },
          "end": {
            "line": 103,
            "column": 45
          }
        },
        "type": "cond-expr",
        "locations": [
          {
            "start": {
              "line": 103,
              "column": 24
            },
            "end": {
              "line": 103,
              "column": 35
            }
          },
          {
            "start": {
              "line": 103,
              "column": 38
            },
            "end": {
              "line": 103,
              "column": 45
            }
          }
        ],
        "line": 103
      },
      "11": {
        "loc": {
          "start": {
            "line": 106,
            "column": 15
          },
          "end": {
            "line": 106,
            "column": 45
          }
        },
        "type": "cond-expr",
        "locations": [
          {
            "start": {
              "line": 106,
              "column": 24
            },
            "end": {
              "line": 106,
              "column": 31
            }
          },
          {
            "start": {
              "line": 106,
              "column": 34
            },
            "end": {
              "line": 106,
              "column": 45
            }
          }
        ],
        "line": 106
      }
    },
    "s": {
      "0": 9,
      "1": 9,
      "2": 17,
      "3": 17,
      "4": 17,
      "5": 4,
      "6": 4,
      "7": 17,
      "8": 9,
      "9": 9,
      "10": 9,
      "11": 9,
      "12": 7,
      "13": 2,
      "14": 5,
      "15": 2,
      "16": 2,
      "17": 0,
      "18": 2,
      "19": 0,
      "20": 2,
      "21": 2,
      "22": 0,
      "23": 0
    },
    "f": {
      "0": 17,
      "1": 4,
      "2": 4,
      "3": 9,
      "4": 9,
      "5": 9,
      "6": 0
    },
    "b": {
      "0": [
        4,
        13
      ],
      "1": [
        4,
        13
      ],
      "2": [
        4,
        5
      ],
      "3": [
        7,
        2
      ],
      "4": [
        2,
        5
      ],
      "5": [
        2,
        0
      ],
      "6": [
        0,
        2
      ],
      "7": [
        0,
        2
      ],
      "8": [
        2,
        0
      ],
      "9": [
        17,
        4
      ],
      "10": [
        4,
        13
      ],
      "11": [
        4,
        13
      ]
    },
    "_coverageSchema": "1a1c01bbd47fc00a2c39e90264f33305004495a9",
    "hash": "3f26eb7cc145767e2812660d4e948a00adb6d835"
  },
  "C:\\Users\\Tais\\OneDrive - Universidade Federal de Minas Gerais\\Documentos\\CC\\20221\\testes\\TP1_ES\\frontend\\src\\components\\Loading.js": {
    "path": "C:\\Users\\Tais\\OneDrive - Universidade Federal de Minas Gerais\\Documentos\\CC\\20221\\testes\\TP1_ES\\frontend\\src\\components\\Loading.js",
    "statementMap": {
      "0": {
        "start": {
          "line": 3,
          "column": 23
        },
        "end": {
          "line": 6,
          "column": 1
        }
      }
    },
    "fnMap": {},
    "branchMap": {},
    "s": {
      "0": 9
    },
    "f": {},
    "b": {},
    "_coverageSchema": "1a1c01bbd47fc00a2c39e90264f33305004495a9",
    "hash": "68b3c99b953655164ee16da91aac10137702e5f1"
  },
  "C:\\Users\\Tais\\OneDrive - Universidade Federal de Minas Gerais\\Documentos\\CC\\20221\\testes\\TP1_ES\\frontend\\src\\components\\BtnWrapper.js": {
    "path": "C:\\Users\\Tais\\OneDrive - Universidade Federal de Minas Gerais\\Documentos\\CC\\20221\\testes\\TP1_ES\\frontend\\src\\components\\BtnWrapper.js",
    "statementMap": {
      "0": {
        "start": {
          "line": 3,
          "column": 26
        },
        "end": {
          "line": 7,
          "column": 1
        }
      }
    },
    "fnMap": {},
    "branchMap": {},
    "s": {
      "0": 9
    },
    "f": {},
    "b": {},
    "_coverageSchema": "1a1c01bbd47fc00a2c39e90264f33305004495a9",
    "hash": "2a67da63661cc259a6de25b2a1091b087735e13f"
  },
  "C:\\Users\\Tais\\OneDrive - Universidade Federal de Minas Gerais\\Documentos\\CC\\20221\\testes\\TP1_ES\\frontend\\src\\pages\\FormDisciplina.js": {
    "path": "C:\\Users\\Tais\\OneDrive - Universidade Federal de Minas Gerais\\Documentos\\CC\\20221\\testes\\TP1_ES\\frontend\\src\\pages\\FormDisciplina.js",
    "statementMap": {
      "0": {
        "start": {
          "line": 16,
          "column": 23
        },
        "end": {
          "line": 170,
          "column": 1
        }
      },
      "1": {
        "start": {
          "line": 17,
          "column": 15
        },
        "end": {
          "line": 17,
          "column": 38
        }
      },
      "2": {
        "start": {
          "line": 18,
          "column": 19
        },
        "end": {
          "line": 18,
          "column": 32
        }
      },
      "3": {
        "start": {
          "line": 19,
          "column": 21
        },
        "end": {
          "line": 19,
          "column": 32
        }
      },
      "4": {
        "start": {
          "line": 20,
          "column": 36
        },
        "end": {
          "line": 29,
          "column": 4
        }
      },
      "5": {
        "start": {
          "line": 31,
          "column": 2
        },
        "end": {
          "line": 75,
          "column": 26
        }
      },
      "6": {
        "start": {
          "line": 32,
          "column": 4
        },
        "end": {
          "line": 74,
          "column": 5
        }
      },
      "7": {
        "start": {
          "line": 33,
          "column": 6
        },
        "end": {
          "line": 73,
          "column": 11
        }
      },
      "8": {
        "start": {
          "line": 36,
          "column": 23
        },
        "end": {
          "line": 36,
          "column": 33
        }
      },
      "9": {
        "start": {
          "line": 38,
          "column": 10
        },
        "end": {
          "line": 60,
          "column": 11
        }
      },
      "10": {
        "start": {
          "line": 39,
          "column": 25
        },
        "end": {
          "line": 39,
          "column": 55
        }
      },
      "11": {
        "start": {
          "line": 40,
          "column": 12
        },
        "end": {
          "line": 47,
          "column": 13
        }
      },
      "12": {
        "start": {
          "line": 41,
          "column": 14
        },
        "end": {
          "line": 46,
          "column": 15
        }
      },
      "13": {
        "start": {
          "line": 45,
          "column": 16
        },
        "end": {
          "line": 45,
          "column": 59
        }
      },
      "14": {
        "start": {
          "line": 48,
          "column": 12
        },
        "end": {
          "line": 48,
          "column": 68
        }
      },
      "15": {
        "start": {
          "line": 50,
          "column": 12
        },
        "end": {
          "line": 50,
          "column": 79
        }
      },
      "16": {
        "start": {
          "line": 50,
          "column": 42
        },
        "end": {
          "line": 50,
          "column": 77
        }
      },
      "17": {
        "start": {
          "line": 54,
          "column": 12
        },
        "end": {
          "line": 59,
          "column": 15
        }
      },
      "18": {
        "start": {
          "line": 55,
          "column": 14
        },
        "end": {
          "line": 58,
          "column": 16
        }
      },
      "19": {
        "start": {
          "line": 63,
          "column": 10
        },
        "end": {
          "line": 63,
          "column": 57
        }
      },
      "20": {
        "start": {
          "line": 67,
          "column": 10
        },
        "end": {
          "line": 72,
          "column": 13
        }
      },
      "21": {
        "start": {
          "line": 68,
          "column": 12
        },
        "end": {
          "line": 71,
          "column": 14
        }
      },
      "22": {
        "start": {
          "line": 77,
          "column": 2
        },
        "end": {
          "line": 169,
          "column": 4
        }
      },
      "23": {
        "start": {
          "line": 98,
          "column": 28
        },
        "end": {
          "line": 100,
          "column": 37
        }
      },
      "24": {
        "start": {
          "line": 101,
          "column": 27
        },
        "end": {
          "line": 101,
          "column": 52
        }
      },
      "25": {
        "start": {
          "line": 102,
          "column": 25
        },
        "end": {
          "line": 104,
          "column": 59
        }
      },
      "26": {
        "start": {
          "line": 106,
          "column": 12
        },
        "end": {
          "line": 136,
          "column": 17
        }
      },
      "27": {
        "start": {
          "line": 111,
          "column": 29
        },
        "end": {
          "line": 111,
          "column": 39
        }
      },
      "28": {
        "start": {
          "line": 113,
          "column": 16
        },
        "end": {
          "line": 132,
          "column": 17
        }
      },
      "29": {
        "start": {
          "line": 114,
          "column": 18
        },
        "end": {
          "line": 114,
          "column": 62
        }
      },
      "30": {
        "start": {
          "line": 116,
          "column": 18
        },
        "end": {
          "line": 131,
          "column": 19
        }
      },
      "31": {
        "start": {
          "line": 117,
          "column": 20
        },
        "end": {
          "line": 125,
          "column": 21
        }
      },
      "32": {
        "start": {
          "line": 118,
          "column": 22
        },
        "end": {
          "line": 120,
          "column": 24
        }
      },
      "33": {
        "start": {
          "line": 119,
          "column": 24
        },
        "end": {
          "line": 119,
          "column": 59
        }
      },
      "34": {
        "start": {
          "line": 121,
          "column": 27
        },
        "end": {
          "line": 125,
          "column": 21
        }
      },
      "35": {
        "start": {
          "line": 122,
          "column": 22
        },
        "end": {
          "line": 124,
          "column": 25
        }
      },
      "36": {
        "start": {
          "line": 123,
          "column": 24
        },
        "end": {
          "line": 123,
          "column": 59
        }
      },
      "37": {
        "start": {
          "line": 127,
          "column": 20
        },
        "end": {
          "line": 130,
          "column": 25
        }
      },
      "38": {
        "start": {
          "line": 128,
          "column": 22
        },
        "end": {
          "line": 130,
          "column": 25
        }
      },
      "39": {
        "start": {
          "line": 129,
          "column": 24
        },
        "end": {
          "line": 129,
          "column": 59
        }
      },
      "40": {
        "start": {
          "line": 135,
          "column": 16
        },
        "end": {
          "line": 135,
          "column": 63
        }
      },
      "41": {
        "start": {
          "line": 159,
          "column": 33
        },
        "end": {
          "line": 159,
          "column": 76
        }
      }
    },
    "fnMap": {
      "0": {
        "name": "(anonymous_0)",
        "decl": {
          "start": {
            "line": 16,
            "column": 23
          },
          "end": {
            "line": 16,
            "column": 24
          }
        },
        "loc": {
          "start": {
            "line": 16,
            "column": 29
          },
          "end": {
            "line": 170,
            "column": 1
          }
        },
        "line": 16
      },
      "1": {
        "name": "(anonymous_1)",
        "decl": {
          "start": {
            "line": 31,
            "column": 12
          },
          "end": {
            "line": 31,
            "column": 13
          }
        },
        "loc": {
          "start": {
            "line": 31,
            "column": 18
          },
          "end": {
            "line": 75,
            "column": 3
          }
        },
        "line": 31
      },
      "2": {
        "name": "(anonymous_2)",
        "decl": {
          "start": {
            "line": 36,
            "column": 14
          },
          "end": {
            "line": 36,
            "column": 15
          }
        },
        "loc": {
          "start": {
            "line": 36,
            "column": 23
          },
          "end": {
            "line": 36,
            "column": 33
          }
        },
        "line": 36
      },
      "3": {
        "name": "(anonymous_3)",
        "decl": {
          "start": {
            "line": 37,
            "column": 14
          },
          "end": {
            "line": 37,
            "column": 15
          }
        },
        "loc": {
          "start": {
            "line": 37,
            "column": 23
          },
          "end": {
            "line": 61,
            "column": 9
          }
        },
        "line": 37
      },
      "4": {
        "name": "(anonymous_4)",
        "decl": {
          "start": {
            "line": 50,
            "column": 33
          },
          "end": {
            "line": 50,
            "column": 34
          }
        },
        "loc": {
          "start": {
            "line": 50,
            "column": 42
          },
          "end": {
            "line": 50,
            "column": 77
          }
        },
        "line": 50
      },
      "5": {
        "name": "(anonymous_5)",
        "decl": {
          "start": {
            "line": 54,
            "column": 25
          },
          "end": {
            "line": 54,
            "column": 26
          }
        },
        "loc": {
          "start": {
            "line": 54,
            "column": 40
          },
          "end": {
            "line": 59,
            "column": 13
          }
        },
        "line": 54
      },
      "6": {
        "name": "(anonymous_6)",
        "decl": {
          "start": {
            "line": 62,
            "column": 15
          },
          "end": {
            "line": 62,
            "column": 16
          }
        },
        "loc": {
          "start": {
            "line": 62,
            "column": 24
          },
          "end": {
            "line": 73,
            "column": 9
          }
        },
        "line": 62
      },
      "7": {
        "name": "(anonymous_7)",
        "decl": {
          "start": {
            "line": 67,
            "column": 23
          },
          "end": {
            "line": 67,
            "column": 24
          }
        },
        "loc": {
          "start": {
            "line": 67,
            "column": 38
          },
          "end": {
            "line": 72,
            "column": 11
          }
        },
        "line": 67
      },
      "8": {
        "name": "(anonymous_8)",
        "decl": {
          "start": {
            "line": 97,
            "column": 20
          },
          "end": {
            "line": 97,
            "column": 21
          }
        },
        "loc": {
          "start": {
            "line": 97,
            "column": 41
          },
          "end": {
            "line": 137,
            "column": 11
          }
        },
        "line": 97
      },
      "9": {
        "name": "(anonymous_9)",
        "decl": {
          "start": {
            "line": 111,
            "column": 20
          },
          "end": {
            "line": 111,
            "column": 21
          }
        },
        "loc": {
          "start": {
            "line": 111,
            "column": 29
          },
          "end": {
            "line": 111,
            "column": 39
          }
        },
        "line": 111
      },
      "10": {
        "name": "(anonymous_10)",
        "decl": {
          "start": {
            "line": 112,
            "column": 20
          },
          "end": {
            "line": 112,
            "column": 21
          }
        },
        "loc": {
          "start": {
            "line": 112,
            "column": 29
          },
          "end": {
            "line": 133,
            "column": 15
          }
        },
        "line": 112
      },
      "11": {
        "name": "(anonymous_11)",
        "decl": {
          "start": {
            "line": 118,
            "column": 43
          },
          "end": {
            "line": 118,
            "column": 44
          }
        },
        "loc": {
          "start": {
            "line": 119,
            "column": 24
          },
          "end": {
            "line": 119,
            "column": 59
          }
        },
        "line": 119
      },
      "12": {
        "name": "(anonymous_12)",
        "decl": {
          "start": {
            "line": 122,
            "column": 62
          },
          "end": {
            "line": 122,
            "column": 63
          }
        },
        "loc": {
          "start": {
            "line": 122,
            "column": 78
          },
          "end": {
            "line": 124,
            "column": 23
          }
        },
        "line": 122
      },
      "13": {
        "name": "(anonymous_13)",
        "decl": {
          "start": {
            "line": 128,
            "column": 62
          },
          "end": {
            "line": 128,
            "column": 63
          }
        },
        "loc": {
          "start": {
            "line": 128,
            "column": 78
          },
          "end": {
            "line": 130,
            "column": 23
          }
        },
        "line": 128
      },
      "14": {
        "name": "(anonymous_14)",
        "decl": {
          "start": {
            "line": 134,
            "column": 21
          },
          "end": {
            "line": 134,
            "column": 22
          }
        },
        "loc": {
          "start": {
            "line": 134,
            "column": 30
          },
          "end": {
            "line": 136,
            "column": 15
          }
        },
        "line": 134
      },
      "15": {
        "name": "(anonymous_15)",
        "decl": {
          "start": {
            "line": 159,
            "column": 27
          },
          "end": {
            "line": 159,
            "column": 28
          }
        },
        "loc": {
          "start": {
            "line": 159,
            "column": 33
          },
          "end": {
            "line": 159,
            "column": 76
          }
        },
        "line": 159
      }
    },
    "branchMap": {
      "0": {
        "loc": {
          "start": {
            "line": 32,
            "column": 4
          },
          "end": {
            "line": 74,
            "column": 5
          }
        },
        "type": "if",
        "locations": [
          {
            "start": {
              "line": 32,
              "column": 4
            },
            "end": {
              "line": 74,
              "column": 5
            }
          },
          {
            "start": {
              "line": 32,
              "column": 4
            },
            "end": {
              "line": 74,
              "column": 5
            }
          }
        ],
        "line": 32
      },
      "1": {
        "loc": {
          "start": {
            "line": 32,
            "column": 8
          },
          "end": {
            "line": 32,
            "column": 37
          }
        },
        "type": "binary-expr",
        "locations": [
          {
            "start": {
              "line": 32,
              "column": 8
            },
            "end": {
              "line": 32,
              "column": 14
            }
          },
          {
            "start": {
              "line": 32,
              "column": 18
            },
            "end": {
              "line": 32,
              "column": 37
            }
          }
        ],
        "line": 32
      },
      "2": {
        "loc": {
          "start": {
            "line": 38,
            "column": 10
          },
          "end": {
            "line": 60,
            "column": 11
          }
        },
        "type": "if",
        "locations": [
          {
            "start": {
              "line": 38,
              "column": 10
            },
            "end": {
              "line": 60,
              "column": 11
            }
          },
          {
            "start": {
              "line": 38,
              "column": 10
            },
            "end": {
              "line": 60,
              "column": 11
            }
          }
        ],
        "line": 38
      },
      "3": {
        "loc": {
          "start": {
            "line": 41,
            "column": 14
          },
          "end": {
            "line": 46,
            "column": 15
          }
        },
        "type": "if",
        "locations": [
          {
            "start": {
              "line": 41,
              "column": 14
            },
            "end": {
              "line": 46,
              "column": 15
            }
          },
          {
            "start": {
              "line": 41,
              "column": 14
            },
            "end": {
              "line": 46,
              "column": 15
            }
          }
        ],
        "line": 41
      },
      "4": {
        "loc": {
          "start": {
            "line": 42,
            "column": 16
          },
          "end": {
            "line": 43,
            "column": 53
          }
        },
        "type": "binary-expr",
        "locations": [
          {
            "start": {
              "line": 42,
              "column": 16
            },
            "end": {
              "line": 42,
              "column": 50
            }
          },
          {
            "start": {
              "line": 43,
              "column": 16
            },
            "end": {
              "line": 43,
              "column": 53
            }
          }
        ],
        "line": 42
      },
      "5": {
        "loc": {
          "start": {
            "line": 79,
            "column": 7
          },
          "end": {
            "line": 167,
            "column": 7
          }
        },
        "type": "cond-expr",
        "locations": [
          {
            "start": {
              "line": 80,
              "column": 8
            },
            "end": {
              "line": 80,
              "column": 41
            }
          },
          {
            "start": {
              "line": 82,
              "column": 8
            },
            "end": {
              "line": 166,
              "column": 17
            }
          }
        ],
        "line": 79
      },
      "6": {
        "loc": {
          "start": {
            "line": 98,
            "column": 28
          },
          "end": {
            "line": 100,
            "column": 37
          }
        },
        "type": "cond-expr",
        "locations": [
          {
            "start": {
              "line": 99,
              "column": 16
            },
            "end": {
              "line": 99,
              "column": 47
            }
          },
          {
            "start": {
              "line": 100,
              "column": 16
            },
            "end": {
              "line": 100,
              "column": 37
            }
          }
        ],
        "line": 98
      },
      "7": {
        "loc": {
          "start": {
            "line": 101,
            "column": 27
          },
          "end": {
            "line": 101,
            "column": 52
          }
        },
        "type": "cond-expr",
        "locations": [
          {
            "start": {
              "line": 101,
              "column": 36
            },
            "end": {
              "line": 101,
              "column": 43
            }
          },
          {
            "start": {
              "line": 101,
              "column": 46
            },
            "end": {
              "line": 101,
              "column": 52
            }
          }
        ],
        "line": 101
      },
      "8": {
        "loc": {
          "start": {
            "line": 102,
            "column": 25
          },
          "end": {
            "line": 104,
            "column": 59
          }
        },
        "type": "cond-expr",
        "locations": [
          {
            "start": {
              "line": 103,
              "column": 16
            },
            "end": {
              "line": 103,
              "column": 30
            }
          },
          {
            "start": {
              "line": 104,
              "column": 16
            },
            "end": {
              "line": 104,
              "column": 59
            }
          }
        ],
        "line": 102
      },
      "9": {
        "loc": {
          "start": {
            "line": 113,
            "column": 16
          },
          "end": {
            "line": 132,
            "column": 17
          }
        },
        "type": "if",
        "locations": [
          {
            "start": {
              "line": 113,
              "column": 16
            },
            "end": {
              "line": 132,
              "column": 17
            }
          },
          {
            "start": {
              "line": 113,
              "column": 16
            },
            "end": {
              "line": 132,
              "column": 17
            }
          }
        ],
        "line": 113
      },
      "10": {
        "loc": {
          "start": {
            "line": 116,
            "column": 18
          },
          "end": {
            "line": 131,
            "column": 19
          }
        },
        "type": "if",
        "locations": [
          {
            "start": {
              "line": 116,
              "column": 18
            },
            "end": {
              "line": 131,
              "column": 19
            }
          },
          {
            "start": {
              "line": 116,
              "column": 18
            },
            "end": {
              "line": 131,
              "column": 19
            }
          }
        ],
        "line": 116
      },
      "11": {
        "loc": {
          "start": {
            "line": 117,
            "column": 20
          },
          "end": {
            "line": 125,
            "column": 21
          }
        },
        "type": "if",
        "locations": [
          {
            "start": {
              "line": 117,
              "column": 20
            },
            "end": {
              "line": 125,
              "column": 21
            }
          },
          {
            "start": {
              "line": 117,
              "column": 20
            },
            "end": {
              "line": 125,
              "column": 21
            }
          }
        ],
        "line": 117
      },
      "12": {
        "loc": {
          "start": {
            "line": 121,
            "column": 27
          },
          "end": {
            "line": 125,
            "column": 21
          }
        },
        "type": "if",
        "locations": [
          {
            "start": {
              "line": 121,
              "column": 27
            },
            "end": {
              "line": 125,
              "column": 21
            }
          },
          {
            "start": {
              "line": 121,
              "column": 27
            },
            "end": {
              "line": 125,
              "column": 21
            }
          }
        ],
        "line": 121
      },
      "13": {
        "loc": {
          "start": {
            "line": 127,
            "column": 20
          },
          "end": {
            "line": 130,
            "column": 25
          }
        },
        "type": "if",
        "locations": [
          {
            "start": {
              "line": 127,
              "column": 20
            },
            "end": {
              "line": 130,
              "column": 25
            }
          },
          {
            "start": {
              "line": 127,
              "column": 20
            },
            "end": {
              "line": 130,
              "column": 25
            }
          }
        ],
        "line": 127
      }
    },
    "s": {
      "0": 9,
      "1": 3,
      "2": 3,
      "3": 3,
      "4": 3,
      "5": 3,
      "6": 3,
      "7": 0,
      "8": 0,
      "9": 0,
      "10": 0,
      "11": 0,
      "12": 0,
      "13": 0,
      "14": 0,
      "15": 0,
      "16": 0,
      "17": 0,
      "18": 0,
      "19": 0,
      "20": 0,
      "21": 0,
      "22": 3,
      "23": 3,
      "24": 3,
      "25": 3,
      "26": 3,
      "27": 3,
      "28": 3,
      "29": 3,
      "30": 0,
      "31": 0,
      "32": 0,
      "33": 0,
      "34": 0,
      "35": 0,
      "36": 0,
      "37": 0,
      "38": 0,
      "39": 0,
      "40": 0,
      "41": 0
    },
    "f": {
      "0": 3,
      "1": 3,
      "2": 0,
      "3": 0,
      "4": 0,
      "5": 0,
      "6": 0,
      "7": 0,
      "8": 3,
      "9": 3,
      "10": 3,
      "11": 0,
      "12": 0,
      "13": 0,
      "14": 0,
      "15": 0
    },
    "b": {
      "0": [
        0,
        3
      ],
      "1": [
        3,
        0
      ],
      "2": [
        0,
        0
      ],
      "3": [
        0,
        0
      ],
      "4": [
        0,
        0
      ],
      "5": [
        0,
        3
      ],
      "6": [
        0,
        3
      ],
      "7": [
        0,
        3
      ],
      "8": [
        0,
        3
      ],
      "9": [
        3,
        0
      ],
      "10": [
        0,
        0
      ],
      "11": [
        0,
        0
      ],
      "12": [
        0,
        0
      ],
      "13": [
        0,
        0
      ]
    },
    "_coverageSchema": "1a1c01bbd47fc00a2c39e90264f33305004495a9",
    "hash": "885b1e48ffc472775b769d1bd49f07ae684f5cc3"
  },
  "C:\\Users\\Tais\\OneDrive - Universidade Federal de Minas Gerais\\Documentos\\CC\\20221\\testes\\TP1_ES\\frontend\\src\\pages\\FormAtividade.js": {
    "path": "C:\\Users\\Tais\\OneDrive - Universidade Federal de Minas Gerais\\Documentos\\CC\\20221\\testes\\TP1_ES\\frontend\\src\\pages\\FormAtividade.js",
    "statementMap": {
      "0": {
        "start": {
          "line": 18,
          "column": 23
        },
        "end": {
          "line": 23,
          "column": 1
        }
      },
      "1": {
        "start": {
          "line": 25,
          "column": 22
        },
        "end": {
          "line": 278,
          "column": 1
        }
      },
      "2": {
        "start": {
          "line": 26,
          "column": 15
        },
        "end": {
          "line": 26,
          "column": 38
        }
      },
      "3": {
        "start": {
          "line": 27,
          "column": 19
        },
        "end": {
          "line": 27,
          "column": 32
        }
      },
      "4": {
        "start": {
          "line": 28,
          "column": 21
        },
        "end": {
          "line": 28,
          "column": 32
        }
      },
      "5": {
        "start": {
          "line": 29,
          "column": 36
        },
        "end": {
          "line": 59,
          "column": 4
        }
      },
      "6": {
        "start": {
          "line": 30,
          "column": 16
        },
        "end": {
          "line": 32,
          "column": 5
        }
      },
      "7": {
        "start": {
          "line": 31,
          "column": 6
        },
        "end": {
          "line": 31,
          "column": 46
        }
      },
      "8": {
        "start": {
          "line": 34,
          "column": 22
        },
        "end": {
          "line": 42,
          "column": 5
        }
      },
      "9": {
        "start": {
          "line": 35,
          "column": 6
        },
        "end": {
          "line": 41,
          "column": 8
        }
      },
      "10": {
        "start": {
          "line": 44,
          "column": 20
        },
        "end": {
          "line": 44,
          "column": 30
        }
      },
      "11": {
        "start": {
          "line": 46,
          "column": 4
        },
        "end": {
          "line": 58,
          "column": 6
        }
      },
      "12": {
        "start": {
          "line": 61,
          "column": 2
        },
        "end": {
          "line": 120,
          "column": 26
        }
      },
      "13": {
        "start": {
          "line": 62,
          "column": 4
        },
        "end": {
          "line": 119,
          "column": 5
        }
      },
      "14": {
        "start": {
          "line": 63,
          "column": 6
        },
        "end": {
          "line": 118,
          "column": 11
        }
      },
      "15": {
        "start": {
          "line": 66,
          "column": 23
        },
        "end": {
          "line": 66,
          "column": 33
        }
      },
      "16": {
        "start": {
          "line": 68,
          "column": 10
        },
        "end": {
          "line": 103,
          "column": 11
        }
      },
      "17": {
        "start": {
          "line": 69,
          "column": 25
        },
        "end": {
          "line": 69,
          "column": 55
        }
      },
      "18": {
        "start": {
          "line": 70,
          "column": 12
        },
        "end": {
          "line": 81,
          "column": 13
        }
      },
      "19": {
        "start": {
          "line": 71,
          "column": 14
        },
        "end": {
          "line": 80,
          "column": 15
        }
      },
      "20": {
        "start": {
          "line": 75,
          "column": 16
        },
        "end": {
          "line": 75,
          "column": 58
        }
      },
      "21": {
        "start": {
          "line": 76,
          "column": 16
        },
        "end": {
          "line": 79,
          "column": 17
        }
      },
      "22": {
        "start": {
          "line": 77,
          "column": 34
        },
        "end": {
          "line": 77,
          "column": 57
        }
      },
      "23": {
        "start": {
          "line": 78,
          "column": 18
        },
        "end": {
          "line": 78,
          "column": 73
        }
      },
      "24": {
        "start": {
          "line": 82,
          "column": 12
        },
        "end": {
          "line": 89,
          "column": 15
        }
      },
      "25": {
        "start": {
          "line": 83,
          "column": 14
        },
        "end": {
          "line": 88,
          "column": 16
        }
      },
      "26": {
        "start": {
          "line": 91,
          "column": 12
        },
        "end": {
          "line": 91,
          "column": 79
        }
      },
      "27": {
        "start": {
          "line": 91,
          "column": 42
        },
        "end": {
          "line": 91,
          "column": 77
        }
      },
      "28": {
        "start": {
          "line": 95,
          "column": 12
        },
        "end": {
          "line": 102,
          "column": 15
        }
      },
      "29": {
        "start": {
          "line": 96,
          "column": 14
        },
        "end": {
          "line": 101,
          "column": 16
        }
      },
      "30": {
        "start": {
          "line": 106,
          "column": 10
        },
        "end": {
          "line": 106,
          "column": 57
        }
      },
      "31": {
        "start": {
          "line": 110,
          "column": 10
        },
        "end": {
          "line": 117,
          "column": 13
        }
      },
      "32": {
        "start": {
          "line": 111,
          "column": 12
        },
        "end": {
          "line": 116,
          "column": 14
        }
      },
      "33": {
        "start": {
          "line": 122,
          "column": 2
        },
        "end": {
          "line": 173,
          "column": 24
        }
      },
      "34": {
        "start": {
          "line": 123,
          "column": 4
        },
        "end": {
          "line": 172,
          "column": 5
        }
      },
      "35": {
        "start": {
          "line": 124,
          "column": 6
        },
        "end": {
          "line": 171,
          "column": 11
        }
      },
      "36": {
        "start": {
          "line": 127,
          "column": 23
        },
        "end": {
          "line": 127,
          "column": 33
        }
      },
      "37": {
        "start": {
          "line": 129,
          "column": 10
        },
        "end": {
          "line": 156,
          "column": 11
        }
      },
      "38": {
        "start": {
          "line": 130,
          "column": 12
        },
        "end": {
          "line": 142,
          "column": 15
        }
      },
      "39": {
        "start": {
          "line": 131,
          "column": 27
        },
        "end": {
          "line": 131,
          "column": 50
        }
      },
      "40": {
        "start": {
          "line": 133,
          "column": 14
        },
        "end": {
          "line": 134,
          "column": 65
        }
      },
      "41": {
        "start": {
          "line": 134,
          "column": 16
        },
        "end": {
          "line": 134,
          "column": 65
        }
      },
      "42": {
        "start": {
          "line": 136,
          "column": 14
        },
        "end": {
          "line": 141,
          "column": 16
        }
      },
      "43": {
        "start": {
          "line": 144,
          "column": 12
        },
        "end": {
          "line": 144,
          "column": 79
        }
      },
      "44": {
        "start": {
          "line": 144,
          "column": 42
        },
        "end": {
          "line": 144,
          "column": 77
        }
      },
      "45": {
        "start": {
          "line": 148,
          "column": 12
        },
        "end": {
          "line": 155,
          "column": 15
        }
      },
      "46": {
        "start": {
          "line": 149,
          "column": 14
        },
        "end": {
          "line": 154,
          "column": 16
        }
      },
      "47": {
        "start": {
          "line": 159,
          "column": 10
        },
        "end": {
          "line": 159,
          "column": 57
        }
      },
      "48": {
        "start": {
          "line": 163,
          "column": 10
        },
        "end": {
          "line": 170,
          "column": 13
        }
      },
      "49": {
        "start": {
          "line": 164,
          "column": 12
        },
        "end": {
          "line": 169,
          "column": 14
        }
      },
      "50": {
        "start": {
          "line": 175,
          "column": 2
        },
        "end": {
          "line": 277,
          "column": 4
        }
      },
      "51": {
        "start": {
          "line": 188,
          "column": 14
        },
        "end": {
          "line": 188,
          "column": 67
        }
      },
      "52": {
        "start": {
          "line": 211,
          "column": 28
        },
        "end": {
          "line": 213,
          "column": 36
        }
      },
      "53": {
        "start": {
          "line": 214,
          "column": 27
        },
        "end": {
          "line": 214,
          "column": 52
        }
      },
      "54": {
        "start": {
          "line": 217,
          "column": 23
        },
        "end": {
          "line": 217,
          "column": 25
        }
      },
      "55": {
        "start": {
          "line": 218,
          "column": 12
        },
        "end": {
          "line": 221,
          "column": 13
        }
      },
      "56": {
        "start": {
          "line": 219,
          "column": 14
        },
        "end": {
          "line": 219,
          "column": 49
        }
      },
      "57": {
        "start": {
          "line": 220,
          "column": 14
        },
        "end": {
          "line": 220,
          "column": 43
        }
      },
      "58": {
        "start": {
          "line": 223,
          "column": 12
        },
        "end": {
          "line": 240,
          "column": 17
        }
      },
      "59": {
        "start": {
          "line": 228,
          "column": 29
        },
        "end": {
          "line": 228,
          "column": 39
        }
      },
      "60": {
        "start": {
          "line": 230,
          "column": 16
        },
        "end": {
          "line": 236,
          "column": 17
        }
      },
      "61": {
        "start": {
          "line": 231,
          "column": 18
        },
        "end": {
          "line": 231,
          "column": 61
        }
      },
      "62": {
        "start": {
          "line": 232,
          "column": 23
        },
        "end": {
          "line": 236,
          "column": 17
        }
      },
      "63": {
        "start": {
          "line": 233,
          "column": 18
        },
        "end": {
          "line": 235,
          "column": 21
        }
      },
      "64": {
        "start": {
          "line": 234,
          "column": 20
        },
        "end": {
          "line": 234,
          "column": 55
        }
      },
      "65": {
        "start": {
          "line": 239,
          "column": 16
        },
        "end": {
          "line": 239,
          "column": 63
        }
      },
      "66": {
        "start": {
          "line": 248,
          "column": 18
        },
        "end": {
          "line": 252,
          "column": 20
        }
      },
      "67": {
        "start": {
          "line": 267,
          "column": 33
        },
        "end": {
          "line": 267,
          "column": 75
        }
      }
    },
    "fnMap": {
      "0": {
        "name": "(anonymous_0)",
        "decl": {
          "start": {
            "line": 25,
            "column": 22
          },
          "end": {
            "line": 25,
            "column": 23
          }
        },
        "loc": {
          "start": {
            "line": 25,
            "column": 28
          },
          "end": {
            "line": 278,
            "column": 1
          }
        },
        "line": 25
      },
      "1": {
        "name": "(anonymous_1)",
        "decl": {
          "start": {
            "line": 29,
            "column": 45
          },
          "end": {
            "line": 29,
            "column": 46
          }
        },
        "loc": {
          "start": {
            "line": 29,
            "column": 51
          },
          "end": {
            "line": 59,
            "column": 3
          }
        },
        "line": 29
      },
      "2": {
        "name": "(anonymous_2)",
        "decl": {
          "start": {
            "line": 30,
            "column": 16
          },
          "end": {
            "line": 30,
            "column": 17
          }
        },
        "loc": {
          "start": {
            "line": 30,
            "column": 26
          },
          "end": {
            "line": 32,
            "column": 5
          }
        },
        "line": 30
      },
      "3": {
        "name": "(anonymous_3)",
        "decl": {
          "start": {
            "line": 34,
            "column": 22
          },
          "end": {
            "line": 34,
            "column": 23
          }
        },
        "loc": {
          "start": {
            "line": 34,
            "column": 32
          },
          "end": {
            "line": 42,
            "column": 5
          }
        },
        "line": 34
      },
      "4": {
        "name": "(anonymous_4)",
        "decl": {
          "start": {
            "line": 61,
            "column": 12
          },
          "end": {
            "line": 61,
            "column": 13
          }
        },
        "loc": {
          "start": {
            "line": 61,
            "column": 18
          },
          "end": {
            "line": 120,
            "column": 3
          }
        },
        "line": 61
      },
      "5": {
        "name": "(anonymous_5)",
        "decl": {
          "start": {
            "line": 66,
            "column": 14
          },
          "end": {
            "line": 66,
            "column": 15
          }
        },
        "loc": {
          "start": {
            "line": 66,
            "column": 23
          },
          "end": {
            "line": 66,
            "column": 33
          }
        },
        "line": 66
      },
      "6": {
        "name": "(anonymous_6)",
        "decl": {
          "start": {
            "line": 67,
            "column": 14
          },
          "end": {
            "line": 67,
            "column": 15
          }
        },
        "loc": {
          "start": {
            "line": 67,
            "column": 23
          },
          "end": {
            "line": 104,
            "column": 9
          }
        },
        "line": 67
      },
      "7": {
        "name": "(anonymous_7)",
        "decl": {
          "start": {
            "line": 82,
            "column": 25
          },
          "end": {
            "line": 82,
            "column": 26
          }
[...]
        "name": "(anonymous_0)",
        "decl": {
          "start": {
            "line": 34,
            "column": 28
          },
          "end": {
            "line": 34,
            "column": 29
          }
        },
        "loc": {
          "start": {
            "line": 34,
            "column": 45
          },
          "end": {
            "line": 34,
            "column": 52
          }
        },
        "line": 34
      },
      "1": {
        "name": "(anonymous_1)",
        "decl": {
          "start": {
            "line": 35,
            "column": 16
          },
          "end": {
            "line": 35,
            "column": 17
          }
        },
        "loc": {
          "start": {
            "line": 35,
            "column": 33
          },
          "end": {
            "line": 35,
            "column": 40
          }
        },
        "line": 35
      },
      "2": {
        "name": "(anonymous_2)",
        "decl": {
          "start": {
            "line": 44,
            "column": 28
          },
          "end": {
            "line": 44,
            "column": 29
          }
        },
        "loc": {
          "start": {
            "line": 44,
            "column": 45
          },
          "end": {
            "line": 44,
            "column": 52
          }
        },
        "line": 44
      },
      "3": {
        "name": "(anonymous_3)",
        "decl": {
          "start": {
            "line": 45,
            "column": 16
          },
          "end": {
            "line": 45,
            "column": 17
          }
        },
        "loc": {
          "start": {
            "line": 45,
            "column": 33
          },
          "end": {
            "line": 45,
            "column": 40
          }
        },
        "line": 45
      },
      "4": {
        "name": "(anonymous_4)",
        "decl": {
          "start": {
            "line": 81,
            "column": 16
          },
          "end": {
            "line": 81,
            "column": 17
          }
        },
        "loc": {
          "start": {
            "line": 81,
            "column": 53
          },
          "end": {
            "line": 111,
            "column": 1
          }
        },
        "line": 81
      },
      "5": {
        "name": "(anonymous_5)",
        "decl": {
          "start": {
            "line": 100,
            "column": 21
          },
          "end": {
            "line": 100,
            "column": 22
          }
        },
        "loc": {
          "start": {
            "line": 100,
            "column": 27
          },
          "end": {
            "line": 103,
            "column": 13
          }
        },
        "line": 100
      }
    },
    "branchMap": {},
    "s": {
      "0": 9,
      "1": 0,
      "2": 0,
      "3": 0,
      "4": 0,
      "5": 9,
      "6": 9,
      "7": 9,
      "8": 21,
      "9": 21,
      "10": 0,
      "11": 0
    },
    "f": {
      "0": 0,
      "1": 0,
      "2": 0,
      "3": 0,
      "4": 21,
      "5": 0
    },
    "b": {},
    "_coverageSchema": "1a1c01bbd47fc00a2c39e90264f33305004495a9",
    "hash": "d32c3bfcff38c62295d0c04973828d9a59fc87ff"
  },
  "C:\\Users\\Tais\\OneDrive - Universidade Federal de Minas Gerais\\Documentos\\CC\\20221\\testes\\TP1_ES\\frontend\\src\\shared\\components\\Backdrop.js": {
    "path": "C:\\Users\\Tais\\OneDrive - Universidade Federal de Minas Gerais\\Documentos\\CC\\20221\\testes\\TP1_ES\\frontend\\src\\shared\\components\\Backdrop.js",
    "statementMap": {
      "0": {
        "start": {
          "line": 6,
          "column": 23
        },
        "end": {
          "line": 30,
          "column": 1
        }
      },
      "1": {
        "start": {
          "line": 21,
          "column": 43
        },
        "end": {
          "line": 21,
          "column": 50
        }
      },
      "2": {
        "start": {
          "line": 28,
          "column": 43
        },
        "end": {
          "line": 28,
          "column": 50
        }
      },
      "3": {
        "start": {
          "line": 32,
          "column": 17
        },
        "end": {
          "line": 45,
          "column": 1
        }
      },
      "4": {
        "start": {
          "line": 33,
          "column": 2
        },
        "end": {
          "line": 44,
          "column": 4
        }
      }
    },
    "fnMap": {
      "0": {
        "name": "(anonymous_0)",
        "decl": {
          "start": {
            "line": 21,
            "column": 26
          },
          "end": {
            "line": 21,
            "column": 27
          }
        },
        "loc": {
          "start": {
            "line": 21,
            "column": 43
          },
          "end": {
            "line": 21,
            "column": 50
          }
        },
        "line": 21
      },
      "1": {
        "name": "(anonymous_1)",
        "decl": {
          "start": {
            "line": 28,
            "column": 26
          },
          "end": {
            "line": 28,
            "column": 27
          }
        },
        "loc": {
          "start": {
            "line": 28,
            "column": 43
          },
          "end": {
            "line": 28,
            "column": 50
          }
        },
        "line": 28
      },
      "2": {
        "name": "(anonymous_2)",
        "decl": {
          "start": {
            "line": 32,
            "column": 17
          },
          "end": {
            "line": 32,
            "column": 18
          }
        },
        "loc": {
          "start": {
            "line": 32,
            "column": 28
          },
          "end": {
            "line": 45,
            "column": 1
          }
        },
        "line": 32
      }
    },
    "branchMap": {},
    "s": {
      "0": 9,
      "1": 0,
      "2": 0,
      "3": 9,
      "4": 21
    },
    "f": {
      "0": 0,
      "1": 0,
      "2": 21
    },
    "b": {},
    "_coverageSchema": "1a1c01bbd47fc00a2c39e90264f33305004495a9",
    "hash": "ef0790ea813af5d0ba426f992186a37ae964c0dd"
  },
  "C:\\Users\\Tais\\OneDrive - Universidade Federal de Minas Gerais\\Documentos\\CC\\20221\\testes\\TP1_ES\\frontend\\src\\shared\\components\\Navigation.js": {
    "path": "C:\\Users\\Tais\\OneDrive - Universidade Federal de Minas Gerais\\Documentos\\CC\\20221\\testes\\TP1_ES\\frontend\\src\\shared\\components\\Navigation.js",
    "statementMap": {
      "0": {
        "start": {
          "line": 7,
          "column": 19
        },
        "end": {
          "line": 46,
          "column": 1
        }
      },
      "1": {
        "start": {
          "line": 8,
          "column": 44
        },
        "end": {
          "line": 8,
          "column": 59
        }
      },
      "2": {
        "start": {
          "line": 9,
          "column": 29
        },
        "end": {
          "line": 9,
          "column": 57
        }
      },
      "3": {
        "start": {
          "line": 9,
          "column": 35
        },
        "end": {
          "line": 9,
          "column": 57
        }
      },
      "4": {
        "start": {
          "line": 10,
          "column": 30
        },
        "end": {
          "line": 10,
          "column": 59
        }
      },
      "5": {
        "start": {
          "line": 10,
          "column": 36
        },
        "end": {
          "line": 10,
          "column": 59
        }
      },
      "6": {
        "start": {
          "line": 12,
          "column": 2
        },
        "end": {
          "line": 29,
          "column": 9
        }
      },
      "7": {
        "start": {
          "line": 13,
          "column": 26
        },
        "end": {
          "line": 13,
          "column": 55
        }
      },
      "8": {
        "start": {
          "line": 13,
          "column": 32
        },
        "end": {
          "line": 13,
          "column": 55
        }
      },
      "9": {
        "start": {
          "line": 15,
          "column": 25
        },
        "end": {
          "line": 15,
          "column": 64
        }
      },
      "10": {
        "start": {
          "line": 16,
          "column": 4
        },
        "end": {
          "line": 20,
          "column": 5
        }
      },
      "11": {
        "start": {
          "line": 17,
          "column": 6
        },
        "end": {
          "line": 17,
          "column": 63
        }
      },
      "12": {
        "start": {
          "line": 19,
          "column": 6
        },
        "end": {
          "line": 19,
          "column": 48
        }
      },
      "13": {
        "start": {
          "line": 22,
          "column": 4
        },
        "end": {
          "line": 28,
          "column": 6
        }
      },
      "14": {
        "start": {
          "line": 23,
          "column": 6
        },
        "end": {
          "line": 27,
          "column": 7
        }
      },
      "15": {
        "start": {
          "line": 24,
          "column": 8
        },
        "end": {
          "line": 24,
          "column": 68
        }
      },
      "16": {
        "start": {
          "line": 26,
          "column": 8
        },
        "end": {
          "line": 26,
          "column": 53
        }
      },
      "17": {
        "start": {
          "line": 31,
          "column": 2
        },
        "end": {
          "line": 45,
          "column": 4
        }
      }
    },
    "fnMap": {
      "0": {
        "name": "(anonymous_0)",
        "decl": {
          "start": {
            "line": 7,
            "column": 19
          },
          "end": {
            "line": 7,
            "column": 20
          }
        },
        "loc": {
          "start": {
            "line": 7,
            "column": 25
          },
          "end": {
            "line": 46,
            "column": 1
          }
        },
        "line": 7
      },
      "1": {
        "name": "(anonymous_1)",
        "decl": {
          "start": {
            "line": 9,
            "column": 29
          },
          "end": {
            "line": 9,
            "column": 30
          }
        },
        "loc": {
          "start": {
            "line": 9,
            "column": 35
          },
          "end": {
            "line": 9,
            "column": 57
          }
        },
        "line": 9
      },
      "2": {
        "name": "(anonymous_2)",
        "decl": {
          "start": {
            "line": 10,
            "column": 30
          },
          "end": {
            "line": 10,
            "column": 31
          }
        },
        "loc": {
          "start": {
            "line": 10,
            "column": 36
          },
          "end": {
            "line": 10,
            "column": 59
          }
        },
        "line": 10
      },
      "3": {
        "name": "(anonymous_3)",
        "decl": {
          "start": {
            "line": 12,
            "column": 12
          },
          "end": {
            "line": 12,
            "column": 13
          }
        },
        "loc": {
          "start": {
            "line": 12,
            "column": 18
          },
          "end": {
            "line": 29,
            "column": 3
          }
        },
        "line": 12
      },
      "4": {
        "name": "(anonymous_4)",
        "decl": {
          "start": {
            "line": 13,
            "column": 26
          },
          "end": {
            "line": 13,
            "column": 27
          }
        },
        "loc": {
          "start": {
            "line": 13,
            "column": 32
          },
          "end": {
            "line": 13,
            "column": 55
          }
        },
        "line": 13
      },
      "5": {
        "name": "(anonymous_5)",
        "decl": {
          "start": {
            "line": 22,
            "column": 11
          },
          "end": {
            "line": 22,
            "column": 12
          }
        },
        "loc": {
          "start": {
            "line": 22,
            "column": 17
          },
          "end": {
            "line": 28,
            "column": 5
          }
        },
        "line": 22
      }
    },
    "branchMap": {
      "0": {
        "loc": {
          "start": {
            "line": 16,
            "column": 4
          },
          "end": {
            "line": 20,
            "column": 5
          }
        },
        "type": "if",
        "locations": [
          {
            "start": {
              "line": 16,
              "column": 4
            },
            "end": {
              "line": 20,
              "column": 5
            }
          },
          {
            "start": {
              "line": 16,
              "column": 4
            },
            "end": {
              "line": 20,
              "column": 5
            }
          }
        ],
        "line": 16
      },
      "1": {
        "loc": {
          "start": {
            "line": 23,
            "column": 6
          },
          "end": {
            "line": 27,
            "column": 7
          }
        },
        "type": "if",
        "locations": [
          {
            "start": {
              "line": 23,
              "column": 6
            },
            "end": {
              "line": 27,
              "column": 7
            }
          },
          {
            "start": {
              "line": 23,
              "column": 6
            },
            "end": {
              "line": 27,
              "column": 7
            }
          }
        ],
        "line": 23
      }
    },
    "s": {
      "0": 9,
      "1": 21,
      "2": 21,
      "3": 0,
      "4": 21,
      "5": 0,
      "6": 21,
      "7": 9,
      "8": 0,
      "9": 9,
      "10": 9,
      "11": 9,
      "12": 0,
      "13": 9,
      "14": 0,
      "15": 0,
      "16": 0,
      "17": 21
    },
    "f": {
      "0": 21,
      "1": 0,
      "2": 0,
      "3": 9,
      "4": 0,
      "5": 0
    },
    "b": {
      "0": [
        9,
        0
      ],
      "1": [
        0,
        0
      ]
    },
    "_coverageSchema": "1a1c01bbd47fc00a2c39e90264f33305004495a9",
    "hash": "1b92b4b4e52889fc16a55360bc338581883e34c1"
  },
  "C:\\Users\\Tais\\OneDrive - Universidade Federal de Minas Gerais\\Documentos\\CC\\20221\\testes\\TP1_ES\\frontend\\src\\shared\\style\\GlobalStyles.js": {
    "path": "C:\\Users\\Tais\\OneDrive - Universidade Federal de Minas Gerais\\Documentos\\CC\\20221\\testes\\TP1_ES\\frontend\\src\\shared\\style\\GlobalStyles.js",
    "statementMap": {
      "0": {
        "start": {
          "line": 3,
          "column": 21
        },
        "end": {
          "line": 36,
          "column": 1
        }
      }
    },
    "fnMap": {},
    "branchMap": {},
    "s": {
      "0": 9
    },
    "f": {},
    "b": {},
    "_coverageSchema": "1a1c01bbd47fc00a2c39e90264f33305004495a9",
    "hash": "93f95cd981b0abb0a8ea1918988003fdeeb648b6"
  },
  "C:\\Users\\Tais\\OneDrive - Universidade Federal de Minas Gerais\\Documentos\\CC\\20221\\testes\\TP1_ES\\frontend\\src\\App.js": {
    "path": "C:\\Users\\Tais\\OneDrive - Universidade Federal de Minas Gerais\\Documentos\\CC\\20221\\testes\\TP1_ES\\frontend\\src\\App.js",
    "statementMap": {
      "0": {
        "start": {
          "line": 15,
          "column": 38
        },
        "end": {
          "line": 15,
          "column": 53
        }
      },
      "1": {
        "start": {
          "line": 16,
          "column": 30
        },
        "end": {
          "line": 16,
          "column": 44
        }
      },
      "2": {
        "start": {
          "line": 18,
          "column": 16
        },
        "end": {
          "line": 21,
          "column": 8
        }
      },
      "3": {
        "start": {
          "line": 19,
          "column": 4
        },
        "end": {
          "line": 19,
          "column": 24
        }
      },
      "4": {
        "start": {
          "line": 20,
          "column": 4
        },
        "end": {
          "line": 20,
          "column": 18
        }
      },
      "5": {
        "start": {
          "line": 23,
          "column": 17
        },
        "end": {
          "line": 26,
          "column": 8
        }
      },
      "6": {
        "start": {
          "line": 24,
          "column": 4
        },
        "end": {
          "line": 24,
          "column": 25
        }
      },
      "7": {
        "start": {
          "line": 25,
          "column": 4
        },
        "end": {
          "line": 25,
          "column": 20
        }
      },
      "8": {
        "start": {
          "line": 29,
          "column": 2
        },
        "end": {
          "line": 67,
          "column": 4
        }
      }
    },
    "fnMap": {
      "0": {
        "name": "App",
        "decl": {
          "start": {
            "line": 14,
            "column": 9
          },
          "end": {
            "line": 14,
            "column": 12
          }
        },
        "loc": {
          "start": {
            "line": 14,
            "column": 15
          },
          "end": {
            "line": 68,
            "column": 1
          }
        },
        "line": 14
      },
      "1": {
        "name": "(anonymous_1)",
        "decl": {
          "start": {
            "line": 18,
            "column": 28
          },
          "end": {
            "line": 18,
            "column": 29
          }
        },
        "loc": {
          "start": {
            "line": 18,
            "column": 36
          },
          "end": {
            "line": 21,
            "column": 3
          }
        },
        "line": 18
      },
      "2": {
        "name": "(anonymous_2)",
        "decl": {
          "start": {
            "line": 23,
            "column": 29
          },
          "end": {
            "line": 23,
            "column": 30
          }
        },
        "loc": {
          "start": {
            "line": 23,
            "column": 35
          },
          "end": {
            "line": 26,
            "column": 3
          }
        },
        "line": 23
      }
    },
    "branchMap": {
      "0": {
        "loc": {
          "start": {
            "line": 35,
            "column": 11
          },
          "end": {
            "line": 63,
            "column": 11
          }
        },
        "type": "cond-expr",
        "locations": [
          {
            "start": {
              "line": 36,
              "column": 12
            },
            "end": {
              "line": 57,
              "column": 21
            }
          },
          {
            "start": {
              "line": 59,
              "column": 12
            },
            "end": {
              "line": 62,
              "column": 21
            }
          }
        ],
        "line": 35
      }
    },
    "s": {
      "0": 21,
      "1": 21,
      "2": 21,
      "3": 5,
      "4": 5,
      "5": 21,
      "6": 2,
      "7": 2,
      "8": 21
    },
    "f": {
      "0": 21,
      "1": 5,
      "2": 2
    },
    "b": {
      "0": [
        10,
        11
      ]
    },
    "_coverageSchema": "1a1c01bbd47fc00a2c39e90264f33305004495a9",
    "hash": "42f8cf0146ad62887f3f0478226ae28e773bd8eb"
  },
  "C:\\Users\\Tais\\OneDrive - Universidade Federal de Minas Gerais\\Documentos\\CC\\20221\\testes\\TP1_ES\\frontend\\src\\index.js": {
    "path": "C:\\Users\\Tais\\OneDrive - Universidade Federal de Minas Gerais\\Documentos\\CC\\20221\\testes\\TP1_ES\\frontend\\src\\index.js",
    "statementMap": {
      "0": {
        "start": {
          "line": 5,
          "column": 0
        },
        "end": {
          "line": 5,
          "column": 58
        }
      }
    },
    "fnMap": {},
    "branchMap": {},
    "s": {
      "0": 9
    },
    "f": {},
    "b": {},
    "_coverageSchema": "1a1c01bbd47fc00a2c39e90264f33305004495a9",
    "hash": "ad249f74fbe2ecdb139eadaf46e857cd793f50ed"
  }
}